#
# There is insufficient memory for the Java Runtime Environment to continue.
# Native memory allocation (malloc) failed to allocate 32744 bytes. Error detail: Chunk::new
# Possible reasons:
#   The system is out of physical RAM or swap space
#   This process is running with CompressedOops enabled, and the Java Heap may be blocking the growth of the native heap
# Possible solutions:
#   Reduce memory load on the system
#   Increase physical memory or swap space
#   Check if swap backing store is full
#   Decrease Java heap size (-Xmx/-Xms)
#   Decrease number of Java threads
#   Decrease Java thread stack sizes (-Xss)
#   Set larger code cache with -XX:ReservedCodeCacheSize=
#   JVM is running with Unscaled Compressed Oops mode in which the Java heap is
#     placed in the first 4GB address space. The Java Heap base address is the
#     maximum limit for the native heap growth. Please use -XX:HeapBaseMinAddress
#     to set the Java Heap base and to place the Java Heap above 4GB virtual address.
# This output file may be truncated or incomplete.
#
#  Out of Memory Error (arena.cpp:168), pid=33660, tid=43460
#
# JRE version: OpenJDK Runtime Environment Temurin-21.0.8+9 (21.0.8+9) (build 21.0.8+9-LTS)
# Java VM: OpenJDK 64-Bit Server VM Temurin-21.0.8+9 (21.0.8+9-LTS, mixed mode, sharing, tiered, compressed oops, compressed class ptrs, parallel gc, windows-amd64)
# No core dump will be written. Minidumps are not enabled by default on client versions of Windows
#

---------------  S U M M A R Y ------------

Command Line: --add-modules=ALL-SYSTEM --add-opens=java.base/java.util=ALL-UNNAMED --add-opens=java.base/java.lang=ALL-UNNAMED --add-opens=java.base/sun.nio.fs=ALL-UNNAMED -Declipse.application=org.eclipse.jdt.ls.core.id1 -Dosgi.bundles.defaultStartLevel=4 -Declipse.product=org.eclipse.jdt.ls.core.product -Djava.import.generatesMetadataFilesAtProjectRoot=false -DDetectVMInstallationsJob.disabled=true -Dfile.encoding=utf8 -XX:+UseParallelGC -XX:GCTimeRatio=4 -XX:AdaptiveSizePolicyWeight=90 -Dsun.zip.disableMemoryMapping=true -Xmx2G -Xms100m -Xlog:disable -javaagent:c:\Users\prag1\.vscode\extensions\redhat.java-1.45.0-win32-x64\lombok\lombok-1.18.39-4050.jar c:\Users\prag1\.vscode\extensions\redhat.java-1.45.0-win32-x64\server\plugins\org.eclipse.equinox.launcher_1.7.0.v20250519-0528.jar -configuration c:\Users\prag1\AppData\Roaming\Code\User\globalStorage\redhat.java\1.45.0\config_ss_win -data c:\Users\prag1\AppData\Roaming\Code\User\workspaceStorage\d249fe1c9a85ec8d7055488e2962388f\redhat.java\ss_ws --pipe=\\.\pipe\lsp-25ba4eb533c45e605152e2e45f55dbda-sock

Host: 11th Gen Intel(R) Core(TM) i3-1115G4 @ 3.00GHz, 4 cores, 7G,  Windows 10 , 64 bit Build 19041 (10.0.19041.5915)
Time: Fri Sep 26 19:01:59 2025 India Standard Time elapsed time: 3.491625 seconds (0d 0h 0m 3s)

---------------  T H R E A D  ---------------

Current thread (0x000002a285e88860):  JavaThread "C1 CompilerThread0" daemon [_thread_in_native, id=43460, stack(0x000000a340b00000,0x000000a340c00000) (1024K)]


Current CompileTask:
C1:3491  741       3       sun.security.provider.ByteArrayAccess::b2iBig64 (231 bytes)

Stack: [0x000000a340b00000,0x000000a340c00000]
Native frames: (J=compiled Java code, j=interpreted, Vv=VM code, C=native code)
V  [jvm.dll+0x6d2449]
V  [jvm.dll+0x8ae341]
V  [jvm.dll+0x8b08be]
V  [jvm.dll+0x8b0fa3]
V  [jvm.dll+0x280c96]
V  [jvm.dll+0xc581d]
V  [jvm.dll+0xc5d53]
V  [jvm.dll+0x19af53]
V  [jvm.dll+0x199f0e]
V  [jvm.dll+0x154bf3]
V  [jvm.dll+0x154438]
V  [jvm.dll+0x154684]
V  [jvm.dll+0x153ab6]
V  [jvm.dll+0x15588d]
V  [jvm.dll+0x257d4d]
V  [jvm.dll+0x2562ea]
V  [jvm.dll+0x3f2d16]
V  [jvm.dll+0x857e6b]
V  [jvm.dll+0x6d0b0d]
C  [ucrtbase.dll+0x21bb2]
C  [KERNEL32.DLL+0x17374]
C  [ntdll.dll+0x4cc91]


---------------  P R O C E S S  ---------------

Threads class SMR info:
_java_thread_list=0x000002a2de7e3260, length=11, elements={
0x000002a285f1fe20, 0x000002a285e0c570, 0x000002a285e0de70, 0x000002a285e0f9f0,
0x000002a285e10900, 0x000002a285e144d0, 0x000002a285e14f20, 0x000002a285e15d50,
0x000002a285e88860, 0x000002a285fe5c00, 0x000002a2de73d420
}

Java Threads: ( => current thread )
  0x000002a285f1fe20 JavaThread "main"                              [_thread_in_vm, id=3824, stack(0x000000a340000000,0x000000a340100000) (1024K)]
  0x000002a285e0c570 JavaThread "Reference Handler"          daemon [_thread_blocked, id=54528, stack(0x000000a340400000,0x000000a340500000) (1024K)]
  0x000002a285e0de70 JavaThread "Finalizer"                  daemon [_thread_blocked, id=53464, stack(0x000000a340500000,0x000000a340600000) (1024K)]
  0x000002a285e0f9f0 JavaThread "Signal Dispatcher"          daemon [_thread_blocked, id=40268, stack(0x000000a340600000,0x000000a340700000) (1024K)]
  0x000002a285e10900 JavaThread "Attach Listener"            daemon [_thread_blocked, id=5796, stack(0x000000a340700000,0x000000a340800000) (1024K)]
  0x000002a285e144d0 JavaThread "Service Thread"             daemon [_thread_blocked, id=9664, stack(0x000000a340800000,0x000000a340900000) (1024K)]
  0x000002a285e14f20 JavaThread "Monitor Deflation Thread"   daemon [_thread_blocked, id=55204, stack(0x000000a340900000,0x000000a340a00000) (1024K)]
  0x000002a285e15d50 JavaThread "C2 CompilerThread0"         daemon [_thread_in_native, id=48836, stack(0x000000a340a00000,0x000000a340b00000) (1024K)]
=>0x000002a285e88860 JavaThread "C1 CompilerThread0"         daemon [_thread_in_native, id=43460, stack(0x000000a340b00000,0x000000a340c00000) (1024K)]
  0x000002a285fe5c00 JavaThread "Common-Cleaner"             daemon [_thread_blocked, id=51828, stack(0x000000a340c00000,0x000000a340d00000) (1024K)]
  0x000002a2de73d420 JavaThread "Notification Thread"        daemon [_thread_blocked, id=56628, stack(0x000000a340d00000,0x000000a340e00000) (1024K)]
Total: 11

Other Threads:
  0x000002a285defef0 VMThread "VM Thread"                           [id=15892, stack(0x000000a340300000,0x000000a340400000) (1024K)]
  0x000002a285d61920 WatcherThread "VM Periodic Task Thread"        [id=11088, stack(0x000000a340200000,0x000000a340300000) (1024K)]
  0x000002a285f3e010 WorkerThread "GC Thread#0"                     [id=41496, stack(0x000000a340100000,0x000000a340200000) (1024K)]
Total: 3

Threads with active compile tasks:
C2 CompilerThread0  3652  728       4       lombok.patcher.PatchScript::classMatches (41 bytes)
C1 CompilerThread0  3652  741       3       sun.security.provider.ByteArrayAccess::b2iBig64 (231 bytes)
Total: 2

VM state: not at safepoint (normal execution)

VM Mutex/Monitor currently owned by a thread: None

Heap address: 0x0000000080000000, size: 2048 MB, Compressed Oops mode: 32-bit

CDS archive(s) mapped at: [0x000002a29d000000-0x000002a29dba0000-0x000002a29dba0000), size 12189696, SharedBaseAddress: 0x000002a29d000000, ArchiveRelocationMode: 1.
Compressed class space mapped at: 0x000002a29e000000-0x000002a2de000000, reserved size: 1073741824
Narrow klass base: 0x000002a29d000000, Narrow klass shift: 0, Narrow klass range: 0x100000000

GC Precious Log:
 CardTable entry size: 512
 CPUs: 4 total, 4 available
 Memory: 7834M
 Large Page Support: Disabled
 NUMA Support: Disabled
 Compressed Oops: Enabled (32-bit)
 Alignments: Space 512K, Generation 512K, Heap 2M
 Heap Min Capacity: 100M
 Heap Initial Capacity: 100M
 Heap Max Capacity: 2G
 Pre-touch: Disabled
 Parallel Workers: 4

Heap:
 PSYoungGen      total 29696K, used 16596K [0x00000000d5580000, 0x00000000d7680000, 0x0000000100000000)
  eden space 25600K, 64% used [0x00000000d5580000,0x00000000d65b5388,0x00000000d6e80000)
  from space 4096K, 0% used [0x00000000d7280000,0x00000000d7280000,0x00000000d7680000)
  to   space 4096K, 0% used [0x00000000d6e80000,0x00000000d6e80000,0x00000000d7280000)
 ParOldGen       total 68608K, used 0K [0x0000000080000000, 0x0000000084300000, 0x00000000d5580000)
  object space 68608K, 0% used [0x0000000080000000,0x0000000080000000,0x0000000084300000)
 Metaspace       used 3149K, committed 3392K, reserved 1114112K
  class space    used 332K, committed 448K, reserved 1048576K

Card table byte_map: [0x000002a2858d0000,0x000002a285ce0000] _byte_map_base: 0x000002a2854d0000

Marking Bits: (ParMarkBitMap*) 0x00007ffb1f21a340
 Begin Bits: [0x000002a2983d0000, 0x000002a29a3d0000)
 End Bits:   [0x000002a29a3d0000, 0x000002a29c3d0000)

Polling page: 0x000002a283c80000

Metaspace:

Usage:
  Non-class:      2.75 MB used.
      Class:    333.34 KB used.
       Both:      3.08 MB used.

Virtual space:
  Non-class space:       64.00 MB reserved,       2.88 MB (  4%) committed,  1 nodes.
      Class space:        1.00 GB reserved,     448.00 KB ( <1%) committed,  1 nodes.
             Both:        1.06 GB reserved,       3.31 MB ( <1%) committed. 

Chunk freelists:
   Non-Class:  11.53 MB
       Class:  15.51 MB
        Both:  27.04 MB

MaxMetaspaceSize: unlimited
CompressedClassSpaceSize: 1.00 GB
Initial GC threshold: 21.00 MB
Current GC threshold: 21.00 MB
CDS: on
 - commit_granule_bytes: 65536.
 - commit_granule_words: 8192.
 - virtual_space_node_default_size: 8388608.
 - enlarge_chunks_in_place: 1.
 - use_allocation_guard: 0.


Internal statistics:

num_allocs_failed_limit: 0.
num_arena_births: 118.
num_arena_deaths: 0.
num_vsnodes_births: 2.
num_vsnodes_deaths: 0.
num_space_committed: 53.
num_space_uncommitted: 0.
num_chunks_returned_to_freelist: 0.
num_chunks_taken_from_freelist: 149.
num_chunk_merges: 0.
num_chunk_splits: 101.
num_chunks_enlarged: 63.
num_inconsistent_stats: 0.

CodeHeap 'non-profiled nmethods': size=120000Kb used=315Kb max_used=315Kb free=119684Kb
 bounds [0x000002a290bf0000, 0x000002a290e60000, 0x000002a298120000]
CodeHeap 'profiled nmethods': size=120000Kb used=1125Kb max_used=1125Kb free=118874Kb
 bounds [0x000002a289120000, 0x000002a289390000, 0x000002a290650000]
CodeHeap 'non-nmethods': size=5760Kb used=1196Kb max_used=1209Kb free=4563Kb
 bounds [0x000002a290650000, 0x000002a2908c0000, 0x000002a290bf0000]
CodeCache: size=245760Kb, used=2636Kb, max_used=2649Kb, free=243121Kb
 total_blobs=1220, nmethods=773, adapters=354, full_count=0
Compilation: enabled, stopped_count=0, restarted_count=0

Compilation events (20 events):
Event: 3.471 Thread 0x000002a285e88860  727       3       java.lang.StringBuilder::<init> (6 bytes)
Event: 3.471 Thread 0x000002a285e88860 nmethod 727 0x000002a289236810 code [0x000002a2892369c0, 0x000002a289236af8]
Event: 3.477 Thread 0x000002a285e15d50  728       4       lombok.patcher.PatchScript::classMatches (41 bytes)
Event: 3.478 Thread 0x000002a285e88860  731       3       java.lang.String::toLowerCase (29 bytes)
Event: 3.478 Thread 0x000002a285e88860 nmethod 731 0x000002a289236b90 code [0x000002a289236d60, 0x000002a289237018]
Event: 3.479 Thread 0x000002a285e88860  732       3       java.security.Provider$ServiceKey::<init> (39 bytes)
Event: 3.480 Thread 0x000002a285e88860 nmethod 732 0x000002a289237110 code [0x000002a289237300, 0x000002a289237740]
Event: 3.480 Thread 0x000002a285e88860  733       3       java.security.Provider$ServiceKey::hashCode (19 bytes)
Event: 3.480 Thread 0x000002a285e88860 nmethod 733 0x000002a289237910 code [0x000002a289237ac0, 0x000002a289237c58]
Event: 3.481 Thread 0x000002a285e88860  734       3       java.lang.String::valueOf (15 bytes)
Event: 3.481 Thread 0x000002a285e88860 nmethod 734 0x000002a289237d90 code [0x000002a289237f40, 0x000002a289238148]
Event: 3.481 Thread 0x000002a285e88860  735       1       java.security.Provider$UString::toString (5 bytes)
Event: 3.481 Thread 0x000002a285e88860 nmethod 735 0x000002a290c36f90 code [0x000002a290c37120, 0x000002a290c371e8]
Event: 3.481 Thread 0x000002a285e88860  736       1       java.security.Provider$Service::getProvider (5 bytes)
Event: 3.482 Thread 0x000002a285e88860 nmethod 736 0x000002a290c37290 code [0x000002a290c37420, 0x000002a290c374e8]
Event: 3.482 Thread 0x000002a285e88860  737       1       java.security.Provider$Service::getClassName (5 bytes)
Event: 3.482 Thread 0x000002a285e88860 nmethod 737 0x000002a290c37590 code [0x000002a290c37720, 0x000002a290c377e8]
Event: 3.484 Thread 0x000002a285e88860  739       3       sun.security.provider.SHA2::implCompress0 (448 bytes)
Event: 3.485 Thread 0x000002a285e88860 nmethod 739 0x000002a289238210 code [0x000002a289238460, 0x000002a289239010]
Event: 3.486 Thread 0x000002a285e88860  741       3       sun.security.provider.ByteArrayAccess::b2iBig64 (231 bytes)

GC Heap History (0 events):
No events

Dll operation events (8 events):
Event: 0.053 Loaded shared library c:\Users\prag1\.vscode\extensions\redhat.java-1.45.0-win32-x64\jre\21.0.8-win32-x86_64\bin\java.dll
Event: 0.543 Loaded shared library c:\Users\prag1\.vscode\extensions\redhat.java-1.45.0-win32-x64\jre\21.0.8-win32-x86_64\bin\zip.dll
Event: 0.617 Loaded shared library C:\Users\prag1\.vscode\extensions\redhat.java-1.45.0-win32-x64\jre\21.0.8-win32-x86_64\bin\instrument.dll
Event: 0.632 Loaded shared library C:\Users\prag1\.vscode\extensions\redhat.java-1.45.0-win32-x64\jre\21.0.8-win32-x86_64\bin\net.dll
Event: 0.717 Loaded shared library C:\Users\prag1\.vscode\extensions\redhat.java-1.45.0-win32-x64\jre\21.0.8-win32-x86_64\bin\nio.dll
Event: 0.765 Loaded shared library C:\Users\prag1\.vscode\extensions\redhat.java-1.45.0-win32-x64\jre\21.0.8-win32-x86_64\bin\zip.dll
Event: 0.853 Loaded shared library C:\Users\prag1\.vscode\extensions\redhat.java-1.45.0-win32-x64\jre\21.0.8-win32-x86_64\bin\jimage.dll
Event: 1.482 Loaded shared library c:\Users\prag1\.vscode\extensions\redhat.java-1.45.0-win32-x64\jre\21.0.8-win32-x86_64\bin\verify.dll

Deoptimization events (20 events):
Event: 3.441 Thread 0x000002a285f1fe20 DEOPT PACKING pc=0x000002a289225804 sp=0x000000a3400fd640
Event: 3.441 Thread 0x000002a285f1fe20 DEOPT UNPACKING pc=0x000002a2906a78e2 sp=0x000000a3400fca98 mode 0
Event: 3.441 Thread 0x000002a285f1fe20 DEOPT PACKING pc=0x000002a289225804 sp=0x000000a3400fd5b0
Event: 3.441 Thread 0x000002a285f1fe20 DEOPT UNPACKING pc=0x000002a2906a78e2 sp=0x000000a3400fca08 mode 0
Event: 3.441 Thread 0x000002a285f1fe20 DEOPT PACKING pc=0x000002a289225804 sp=0x000000a3400fd640
Event: 3.441 Thread 0x000002a285f1fe20 DEOPT UNPACKING pc=0x000002a2906a78e2 sp=0x000000a3400fca98 mode 0
Event: 3.441 Thread 0x000002a285f1fe20 DEOPT PACKING pc=0x000002a289225804 sp=0x000000a3400fd640
Event: 3.441 Thread 0x000002a285f1fe20 DEOPT UNPACKING pc=0x000002a2906a78e2 sp=0x000000a3400fca98 mode 0
Event: 3.441 Thread 0x000002a285f1fe20 DEOPT PACKING pc=0x000002a289225804 sp=0x000000a3400fd5b0
Event: 3.441 Thread 0x000002a285f1fe20 DEOPT UNPACKING pc=0x000002a2906a78e2 sp=0x000000a3400fca08 mode 0
Event: 3.441 Thread 0x000002a285f1fe20 DEOPT PACKING pc=0x000002a289225804 sp=0x000000a3400fd640
Event: 3.441 Thread 0x000002a285f1fe20 DEOPT UNPACKING pc=0x000002a2906a78e2 sp=0x000000a3400fca98 mode 0
Event: 3.442 Thread 0x000002a285f1fe20 DEOPT PACKING pc=0x000002a289225804 sp=0x000000a3400fd640
Event: 3.442 Thread 0x000002a285f1fe20 DEOPT UNPACKING pc=0x000002a2906a78e2 sp=0x000000a3400fca98 mode 0
Event: 3.442 Thread 0x000002a285f1fe20 DEOPT PACKING pc=0x000002a289225804 sp=0x000000a3400fd5b0
Event: 3.442 Thread 0x000002a285f1fe20 DEOPT UNPACKING pc=0x000002a2906a78e2 sp=0x000000a3400fca08 mode 0
Event: 3.442 Thread 0x000002a285f1fe20 DEOPT PACKING pc=0x000002a289225804 sp=0x000000a3400fd640
Event: 3.442 Thread 0x000002a285f1fe20 DEOPT UNPACKING pc=0x000002a2906a78e2 sp=0x000000a3400fca98 mode 0
Event: 3.442 Thread 0x000002a285f1fe20 DEOPT PACKING pc=0x000002a289225804 sp=0x000000a3400fd640
Event: 3.442 Thread 0x000002a285f1fe20 DEOPT UNPACKING pc=0x000002a2906a78e2 sp=0x000000a3400fca98 mode 0

Classes loaded (20 events):
Event: 3.473 Loading class java/security/interfaces/ECKey
Event: 3.473 Loading class java/security/interfaces/ECKey done
Event: 3.473 Loading class java/security/interfaces/XECKey
Event: 3.473 Loading class java/security/interfaces/XECKey done
Event: 3.474 Loading class sun/security/util/KeyUtil
Event: 3.474 Loading class sun/security/util/KeyUtil done
Event: 3.474 Loading class sun/security/util/Length
Event: 3.474 Loading class sun/security/util/Length done
Event: 3.474 Loading class javax/crypto/SecretKey
Event: 3.474 Loading class javax/crypto/SecretKey done
Event: 3.476 Loading class java/util/Base64
Event: 3.477 Loading class java/util/Base64 done
Event: 3.477 Loading class java/util/Base64$Decoder
Event: 3.477 Loading class java/util/Base64$Decoder done
Event: 3.477 Loading class java/util/Base64$Encoder
Event: 3.477 Loading class java/util/Base64$Encoder done
Event: 3.477 Loading class java/util/jar/JarVerifier$VerifierStream
Event: 3.477 Loading class java/util/jar/JarVerifier$VerifierStream done
Event: 3.478 Loading class sun/security/util/ManifestEntryVerifier$SunProviderHolder
Event: 3.478 Loading class sun/security/util/ManifestEntryVerifier$SunProviderHolder done

Classes unloaded (0 events):
No events

Classes redefined (0 events):
No events

Internal exceptions (12 events):
Event: 0.534 Thread 0x000002a285f1fe20 Exception <a 'java/lang/NoSuchMethodError'{0x00000000d57a9ee0}: 'void java.lang.invoke.DirectMethodHandle$Holder.invokeStatic(java.lang.Object, java.lang.Object, java.lang.Object)'> (0x00000000d57a9ee0) 
thrown [s\src\hotspot\share\interpreter\linkResolver.cpp, line 773]
Event: 0.825 Thread 0x000002a285f1fe20 Exception <a 'java/lang/NoSuchMethodError'{0x00000000d5911b78}: 'java.lang.Object java.lang.invoke.Invokers$Holder.invokeExact_MT(java.lang.Object, java.lang.Object, java.lang.Object, java.lang.Object, java.lang.Object)'> (0x00000000d5911b78) 
thrown [s\src\hotspot\share\interpreter\linkResolver.cpp, line 773]
Event: 1.010 Thread 0x000002a285f1fe20 Exception <a 'java/lang/NoSuchMethodError'{0x00000000d59ca678}: 'int java.lang.invoke.DirectMethodHandle$Holder.invokeSpecial(java.lang.Object, java.lang.Object, java.lang.Object, int)'> (0x00000000d59ca678) 
thrown [s\src\hotspot\share\interpreter\linkResolver.cpp, line 773]
Event: 1.013 Thread 0x000002a285f1fe20 Exception <a 'java/lang/NoSuchMethodError'{0x00000000d59dd060}: 'java.lang.Object java.lang.invoke.DirectMethodHandle$Holder.invokeStatic(java.lang.Object, java.lang.Object, java.lang.Object, java.lang.Object, int)'> (0x00000000d59dd060) 
thrown [s\src\hotspot\share\interpreter\linkResolver.cpp, line 773]
Event: 1.015 Thread 0x000002a285f1fe20 Exception <a 'java/lang/NoSuchMethodError'{0x00000000d59e8508}: 'void java.lang.invoke.DelegatingMethodHandle$Holder.reinvoke_L(java.lang.Object, java.lang.Object, java.lang.Object, int, java.lang.Object)'> (0x00000000d59e8508) 
thrown [s\src\hotspot\share\interpreter\linkResolver.cpp, line 773]
Event: 1.029 Thread 0x000002a285f1fe20 Exception <a 'java/lang/NoSuchMethodError'{0x00000000d59f9000}: 'int java.lang.invoke.DirectMethodHandle$Holder.invokeSpecial(java.lang.Object, java.lang.Object, java.lang.Object)'> (0x00000000d59f9000) 
thrown [s\src\hotspot\share\interpreter\linkResolver.cpp, line 773]
Event: 1.032 Thread 0x000002a285f1fe20 Exception <a 'java/lang/NoSuchMethodError'{0x00000000d5a04cc0}: 'java.lang.Object java.lang.invoke.DirectMethodHandle$Holder.invokeStatic(java.lang.Object, java.lang.Object, int)'> (0x00000000d5a04cc0) 
thrown [s\src\hotspot\share\interpreter\linkResolver.cpp, line 773]
Event: 1.044 Thread 0x000002a285f1fe20 Exception <a 'java/lang/NoSuchMethodError'{0x00000000d5a09610}: 'void java.lang.invoke.DirectMethodHandle$Holder.invokeStatic(java.lang.Object, java.lang.Object, int, java.lang.Object)'> (0x00000000d5a09610) 
thrown [s\src\hotspot\share\interpreter\linkResolver.cpp, line 773]
Event: 1.045 Thread 0x000002a285f1fe20 Exception <a 'java/lang/NoSuchMethodError'{0x00000000d5a0d1a0}: 'void java.lang.invoke.DirectMethodHandle$Holder.invokeSpecial(java.lang.Object, java.lang.Object, java.lang.Object, int, java.lang.Object)'> (0x00000000d5a0d1a0) 
thrown [s\src\hotspot\share\interpreter\linkResolver.cpp, line 773]
Event: 1.045 Thread 0x000002a285f1fe20 Exception <a 'java/lang/NoSuchMethodError'{0x00000000d5a10610}: 'void java.lang.invoke.DelegatingMethodHandle$Holder.delegate(java.lang.Object, java.lang.Object, int, java.lang.Object)'> (0x00000000d5a10610) 
thrown [s\src\hotspot\share\interpreter\linkResolver.cpp, line 773]
Event: 1.533 Thread 0x000002a285f1fe20 Exception <a 'java/lang/NoSuchMethodError'{0x00000000d5bcf5d8}: 'void java.lang.invoke.DelegatingMethodHandle$Holder.reinvoke_L(java.lang.Object, java.lang.Object, java.lang.Object, int)'> (0x00000000d5bcf5d8) 
thrown [s\src\hotspot\share\interpreter\linkResolver.cpp, line 773]
Event: 3.192 Thread 0x000002a285f1fe20 Exception <a 'java/lang/NoSuchMethodError'{0x00000000d605ada8}: 'void java.lang.invoke.DirectMethodHandle$Holder.invokeVirtual(java.lang.Object, java.lang.Object)'> (0x00000000d605ada8) 
thrown [s\src\hotspot\share\interpreter\linkResolver.cpp, line 773]

ZGC Phase Switch (0 events):
No events

VM Operations (10 events):
Event: 0.540 Executing VM operation: HandshakeAllThreads (Deoptimize)
Event: 0.540 Executing VM operation: HandshakeAllThreads (Deoptimize) done
Event: 0.896 Executing VM operation: HandshakeAllThreads (Deoptimize)
Event: 0.896 Executing VM operation: HandshakeAllThreads (Deoptimize) done
Event: 1.903 Executing VM operation: Cleanup
Event: 1.903 Executing VM operation: Cleanup done
Event: 2.904 Executing VM operation: Cleanup
Event: 2.939 Executing VM operation: Cleanup done
Event: 3.475 Executing VM operation: HandshakeAllThreads (Deoptimize)
Event: 3.475 Executing VM operation: HandshakeAllThreads (Deoptimize) done

Memory protections (0 events):
No events

Nmethod flushes (0 events):
No events

Events (11 events):
Event: 0.123 Thread 0x000002a285f1fe20 Thread added: 0x000002a285f1fe20
Event: 0.298 Thread 0x000002a285f1fe20 Thread added: 0x000002a285e0c570
Event: 0.300 Thread 0x000002a285f1fe20 Thread added: 0x000002a285e0de70
Event: 0.300 Thread 0x000002a285f1fe20 Thread added: 0x000002a285e0f9f0
Event: 0.300 Thread 0x000002a285f1fe20 Thread added: 0x000002a285e10900
Event: 0.301 Thread 0x000002a285f1fe20 Thread added: 0x000002a285e144d0
Event: 0.301 Thread 0x000002a285f1fe20 Thread added: 0x000002a285e14f20
Event: 0.301 Thread 0x000002a285f1fe20 Thread added: 0x000002a285e15d50
Event: 0.322 Thread 0x000002a285f1fe20 Thread added: 0x000002a285e88860
Event: 0.494 Thread 0x000002a285f1fe20 Thread added: 0x000002a285fe5c00
Event: 2.145 Thread 0x000002a285f1fe20 Thread added: 0x000002a2de73d420


Dynamic libraries:
0x00007ff703ae0000 - 0x00007ff703aee000 	c:\Users\prag1\.vscode\extensions\redhat.java-1.45.0-win32-x64\jre\21.0.8-win32-x86_64\bin\java.exe
0x00007ffbdd850000 - 0x00007ffbdda48000 	C:\WINDOWS\SYSTEM32\ntdll.dll
0x00007ffbdc390000 - 0x00007ffbdc452000 	C:\WINDOWS\System32\KERNEL32.DLL
0x00007ffbdb280000 - 0x00007ffbdb576000 	C:\WINDOWS\System32\KERNELBASE.dll
0x00007ffbdaf70000 - 0x00007ffbdb070000 	C:\WINDOWS\System32\ucrtbase.dll
0x00007ffbba210000 - 0x00007ffbba228000 	c:\Users\prag1\.vscode\extensions\redhat.java-1.45.0-win32-x64\jre\21.0.8-win32-x86_64\bin\jli.dll
0x00007ffbdbe30000 - 0x00007ffbdbfcd000 	C:\WINDOWS\System32\USER32.dll
0x00007ffbdb250000 - 0x00007ffbdb272000 	C:\WINDOWS\System32\win32u.dll
0x00007ffbdc5c0000 - 0x00007ffbdc5eb000 	C:\WINDOWS\System32\GDI32.dll
0x00007ffbdb6c0000 - 0x00007ffbdb7d9000 	C:\WINDOWS\System32\gdi32full.dll
0x00007ffbdb7e0000 - 0x00007ffbdb87d000 	C:\WINDOWS\System32\msvcp_win.dll
0x00007ffbba1c0000 - 0x00007ffbba1de000 	c:\Users\prag1\.vscode\extensions\redhat.java-1.45.0-win32-x64\jre\21.0.8-win32-x86_64\bin\VCRUNTIME140.dll
0x00007ffbbc840000 - 0x00007ffbbcadb000 	C:\WINDOWS\WinSxS\amd64_microsoft.windows.common-controls_6595b64144ccf1df_6.0.19041.6280_none_60bc30a171f2f3f3\COMCTL32.dll
0x00007ffbdc7e0000 - 0x00007ffbdc87e000 	C:\WINDOWS\System32\msvcrt.dll
0x00007ffbdd6c0000 - 0x00007ffbdd6ef000 	C:\WINDOWS\System32\IMM32.DLL
0x00007ffbd0ac0000 - 0x00007ffbd0acc000 	c:\Users\prag1\.vscode\extensions\redhat.java-1.45.0-win32-x64\jre\21.0.8-win32-x86_64\bin\vcruntime140_1.dll
0x00007ffb88600000 - 0x00007ffb8868d000 	c:\Users\prag1\.vscode\extensions\redhat.java-1.45.0-win32-x64\jre\21.0.8-win32-x86_64\bin\msvcp140.dll
0x00007ffb1e560000 - 0x00007ffb1f2f7000 	c:\Users\prag1\.vscode\extensions\redhat.java-1.45.0-win32-x64\jre\21.0.8-win32-x86_64\bin\server\jvm.dll
0x00007ffbdc890000 - 0x00007ffbdc941000 	C:\WINDOWS\System32\ADVAPI32.dll
0x00007ffbdc030000 - 0x00007ffbdc0cf000 	C:\WINDOWS\System32\sechost.dll
0x00007ffbdc6c0000 - 0x00007ffbdc7e0000 	C:\WINDOWS\System32\RPCRT4.dll
0x00007ffbdaef0000 - 0x00007ffbdaf17000 	C:\WINDOWS\System32\bcrypt.dll
0x00007ffbdc650000 - 0x00007ffbdc6bb000 	C:\WINDOWS\System32\WS2_32.dll
0x00007ffbda460000 - 0x00007ffbda4ab000 	C:\WINDOWS\SYSTEM32\POWRPROF.dll
0x00007ffbc04b0000 - 0x00007ffbc04d7000 	C:\WINDOWS\SYSTEM32\WINMM.dll
0x00007ffbcc130000 - 0x00007ffbcc13a000 	C:\WINDOWS\SYSTEM32\VERSION.dll
0x00007ffbda2d0000 - 0x00007ffbda2e2000 	C:\WINDOWS\SYSTEM32\UMPDC.dll
0x00007ffbd96d0000 - 0x00007ffbd96e2000 	C:\WINDOWS\SYSTEM32\kernel.appcore.dll
0x00007ffbd0610000 - 0x00007ffbd061a000 	c:\Users\prag1\.vscode\extensions\redhat.java-1.45.0-win32-x64\jre\21.0.8-win32-x86_64\bin\jimage.dll
0x00007ffbd8bf0000 - 0x00007ffbd8df1000 	C:\WINDOWS\SYSTEM32\DBGHELP.DLL
0x00007ffbcc5d0000 - 0x00007ffbcc604000 	C:\WINDOWS\SYSTEM32\dbgcore.DLL
0x00007ffbdb580000 - 0x00007ffbdb602000 	C:\WINDOWS\System32\bcryptPrimitives.dll
0x00007ffbcb4f0000 - 0x00007ffbcb4ff000 	c:\Users\prag1\.vscode\extensions\redhat.java-1.45.0-win32-x64\jre\21.0.8-win32-x86_64\bin\instrument.dll
0x00007ffbba110000 - 0x00007ffbba12f000 	c:\Users\prag1\.vscode\extensions\redhat.java-1.45.0-win32-x64\jre\21.0.8-win32-x86_64\bin\java.dll
0x00007ffbdcf50000 - 0x00007ffbdd6c0000 	C:\WINDOWS\System32\SHELL32.dll
0x00007ffbd8f10000 - 0x00007ffbd96b5000 	C:\WINDOWS\SYSTEM32\windows.storage.dll
0x00007ffbdba20000 - 0x00007ffbdbd73000 	C:\WINDOWS\System32\combase.dll
0x00007ffbda920000 - 0x00007ffbda94b000 	C:\WINDOWS\SYSTEM32\Wldp.dll
0x00007ffbdc4f0000 - 0x00007ffbdc5bd000 	C:\WINDOWS\System32\OLEAUT32.dll
0x00007ffbdb970000 - 0x00007ffbdba1d000 	C:\WINDOWS\System32\SHCORE.dll
0x00007ffbdc0f0000 - 0x00007ffbdc14b000 	C:\WINDOWS\System32\shlwapi.dll
0x00007ffbdae20000 - 0x00007ffbdae44000 	C:\WINDOWS\SYSTEM32\profapi.dll
0x00007ffbb6b20000 - 0x00007ffbb6b38000 	c:\Users\prag1\.vscode\extensions\redhat.java-1.45.0-win32-x64\jre\21.0.8-win32-x86_64\bin\zip.dll
0x00007ffbc0c20000 - 0x00007ffbc0c30000 	C:\Users\prag1\.vscode\extensions\redhat.java-1.45.0-win32-x64\jre\21.0.8-win32-x86_64\bin\net.dll
0x00007ffbd5230000 - 0x00007ffbd533a000 	C:\WINDOWS\SYSTEM32\WINHTTP.dll
0x00007ffbda680000 - 0x00007ffbda6ea000 	C:\WINDOWS\system32\mswsock.dll
0x00007ffbb1f70000 - 0x00007ffbb1f86000 	C:\Users\prag1\.vscode\extensions\redhat.java-1.45.0-win32-x64\jre\21.0.8-win32-x86_64\bin\nio.dll
0x00007ffbc0a40000 - 0x00007ffbc0a50000 	c:\Users\prag1\.vscode\extensions\redhat.java-1.45.0-win32-x64\jre\21.0.8-win32-x86_64\bin\verify.dll

JVMTI agents:
c:\Users\prag1\.vscode\extensions\redhat.java-1.45.0-win32-x64\lombok\lombok-1.18.39-4050.jar path:c:\Users\prag1\.vscode\extensions\redhat.java-1.45.0-win32-x64\jre\21.0.8-win32-x86_64\bin\instrument.dll, loaded, initialized, instrumentlib options:none

dbghelp: loaded successfully - version: 4.0.5 - missing functions: none
symbol engine: initialized successfully - sym options: 0x614 - pdb path: .;c:\Users\prag1\.vscode\extensions\redhat.java-1.45.0-win32-x64\jre\21.0.8-win32-x86_64\bin;C:\WINDOWS\SYSTEM32;C:\WINDOWS\WinSxS\amd64_microsoft.windows.common-controls_6595b64144ccf1df_6.0.19041.6280_none_60bc30a171f2f3f3;c:\Users\prag1\.vscode\extensions\redhat.java-1.45.0-win32-x64\jre\21.0.8-win32-x86_64\bin\server

VM Arguments:
jvm_args: --add-modules=ALL-SYSTEM --add-opens=java.base/java.util=ALL-UNNAMED --add-opens=java.base/java.lang=ALL-UNNAMED --add-opens=java.base/sun.nio.fs=ALL-UNNAMED -Declipse.application=org.eclipse.jdt.ls.core.id1 -Dosgi.bundles.defaultStartLevel=4 -Declipse.product=org.eclipse.jdt.ls.core.product -Djava.import.generatesMetadataFilesAtProjectRoot=false -DDetectVMInstallationsJob.disabled=true -Dfile.encoding=utf8 -XX:+UseParallelGC -XX:GCTimeRatio=4 -XX:AdaptiveSizePolicyWeight=90 -Dsun.zip.disableMemoryMapping=true -Xmx2G -Xms100m -Xlog:disable -javaagent:c:\Users\prag1\.vscode\extensions\redhat.java-1.45.0-win32-x64\lombok\lombok-1.18.39-4050.jar 
java_command: c:\Users\prag1\.vscode\extensions\redhat.java-1.45.0-win32-x64\server\plugins\org.eclipse.equinox.launcher_1.7.0.v20250519-0528.jar -configuration c:\Users\prag1\AppData\Roaming\Code\User\globalStorage\redhat.java\1.45.0\config_ss_win -data c:\Users\prag1\AppData\Roaming\Code\User\workspaceStorage\d249fe1c9a85ec8d7055488e2962388f\redhat.java\ss_ws --pipe=\\.\pipe\lsp-25ba4eb533c45e605152e2e45f55dbda-sock
java_class_path (initial): c:\Users\prag1\.vscode\extensions\redhat.java-1.45.0-win32-x64\server\plugins\org.eclipse.equinox.launcher_1.7.0.v20250519-0528.jar
Launcher Type: SUN_STANDARD

[Global flags]
    uintx AdaptiveSizePolicyWeight                 = 90                                        {product} {command line}
     intx CICompilerCount                          = 3                                         {product} {ergonomic}
    uintx GCTimeRatio                              = 4                                         {product} {command line}
   size_t InitialHeapSize                          = 104857600                                 {product} {command line}
   size_t MaxHeapSize                              = 2147483648                                {product} {command line}
   size_t MaxNewSize                               = 715653120                                 {product} {ergonomic}
   size_t MinHeapDeltaBytes                        = 524288                                    {product} {ergonomic}
   size_t MinHeapSize                              = 104857600                                 {product} {command line}
   size_t NewSize                                  = 34603008                                  {product} {ergonomic}
    uintx NonNMethodCodeHeapSize                   = 5832780                                {pd product} {ergonomic}
    uintx NonProfiledCodeHeapSize                  = 122912730                              {pd product} {ergonomic}
   size_t OldSize                                  = 70254592                                  {product} {ergonomic}
    uintx ProfiledCodeHeapSize                     = 122912730                              {pd product} {ergonomic}
    uintx ReservedCodeCacheSize                    = 251658240                              {pd product} {ergonomic}
     bool SegmentedCodeCache                       = true                                      {product} {ergonomic}
   size_t SoftMaxHeapSize                          = 2147483648                             {manageable} {ergonomic}
     bool UseCompressedOops                        = true                           {product lp64_product} {ergonomic}
     bool UseLargePagesIndividualAllocation        = false                                  {pd product} {ergonomic}
     bool UseParallelGC                            = true                                      {product} {command line}

Logging:
Log output configuration:
 #0: stdout all=off uptime,level,tags foldmultilines=false
 #1: stderr all=off uptime,level,tags foldmultilines=false

Environment Variables:
PATH=C:\Program Files\Common Files\Oracle\Java\javapath;C:\WINDOWS\system32;C:\WINDOWS;C:\WINDOWS\System32\Wbem;C:\WINDOWS\System32\WindowsPowerShell\v1.0\;C:\WINDOWS\System32\OpenSSH\;C:\Program Files\nodejs\;C:\Program Files\Docker\Docker\resources\bin;C:\Program Files\MySQL\MySQL Server 8.0\bin;C:\Program Files\Git\cmd;C:\Program Files\apache-maven-3.9.11\bin;C:\Program Files\MySQL\MySQL Shell 8.0\bin\;C:\Users\prag1\AppData\Local\Microsoft\WindowsApps;C:\Users\prag1\AppData\Roaming\npm;C:\Users\prag1\AppData\Local\Programs\Microsoft VS Code\bin;C:\Program Files\Apache\Maven\apache-maven-3.9.11\bin;
USERNAME=prag1
OS=Windows_NT
PROCESSOR_IDENTIFIER=Intel64 Family 6 Model 140 Stepping 1, GenuineIntel
TMP=C:\Users\prag1\AppData\Local\Temp
TEMP=C:\Users\prag1\AppData\Local\Temp




Periodic native trim disabled

---------------  S Y S T E M  ---------------

OS:
 Windows 10 , 64 bit Build 19041 (10.0.19041.5915)
OS uptime: 13 days 18:08 hours
Hyper-V role detected

CPU: total 4 (initial active 4) (2 cores per cpu, 2 threads per core) family 6 model 140 stepping 1 microcode 0x8a, cx8, cmov, fxsr, ht, mmx, 3dnowpref, sse, sse2, sse3, ssse3, sse4.1, sse4.2, popcnt, lzcnt, tsc, tscinvbit, avx, avx2, aes, erms, clmul, bmi1, bmi2, adx, avx512f, avx512dq, avx512cd, avx512bw, avx512vl, sha, fma, vzeroupper, avx512_vpopcntdq, avx512_vpclmulqdq, avx512_vaes, avx512_vnni, clflush, clflushopt, clwb, avx512_vbmi2, avx512_vbmi, hv, rdtscp, rdpid, fsrm, gfni, avx512_bitalg, f16c, cet_ibt, cet_ss, avx512_ifma
Processor Information for the first 4 processors :
  Max Mhz: 2995, Current Mhz: 2995, Mhz Limit: 2995

Memory: 4k page, system-wide physical 7834M (265M free)
TotalPageFile size 31386M (AvailPageFile size 1M)
current process WorkingSet (physical memory assigned to process): 58M, peak: 58M
current process commit charge ("private bytes"): 216M, peak: 216M

vm_info: OpenJDK 64-Bit Server VM (21.0.8+9-LTS) for windows-amd64 JRE (21.0.8+9-LTS), built on 2025-07-15T00:00:00Z by "admin" with MS VC++ 17.7 (VS2022)

END.
